# JRE version: 7.0_11-b21
# Java VM: Java HotSpot(TM) 64-Bit Server VM (23.6-b04 mixed mode linux-amd64 compressed oops)
Heap
 PSYoungGen      total 288896K, used 29345K [0x00000000eaab0000, 0x00000000ff1d0000, 0x0000000100000000)
  eden space 244352K, 12% used [0x00000000eaab0000,0x00000000ec7586f8,0x00000000f9950000)
  from space 44544K, 0% used [0x00000000fc650000,0x00000000fc650000,0x00000000ff1d0000)
  to   space 45312K, 0% used [0x00000000f9950000,0x00000000f9950000,0x00000000fc590000)
 ParOldGen       total 349568K, used 42506K [0x00000000c0000000, 0x00000000d5560000, 0x00000000eaab0000)
  object space 349568K, 12% used [0x00000000c0000000,0x00000000c2982bf8,0x00000000d5560000)
 PSPermGen       total 99136K, used 79135K [0x00000000b0000000, 0x00000000b60d0000, 0x00000000c0000000)
  object space 99136K, 79% used [0x00000000b0000000,0x00000000b4d47fd0,0x00000000b60d0000)
GC Heap History (10 events):
Event: 113.056 GC heap before
{Heap before GC invocations=31 (full 11):
 PSYoungGen      total 288384K, used 17002K [0x00000000eaab0000, 0x00000000ff490000, 0x0000000100000000)
  eden space 244352K, 0% used [0x00000000eaab0000,0x00000000eaab0000,0x00000000f9950000)
  from space 44032K, 38% used [0x00000000fc990000,0x00000000fda2a918,0x00000000ff490000)
  to   space 46720K, 0% used [0x00000000f9950000,0x00000000f9950000,0x00000000fc6f0000)
 ParOldGen       total 349568K, used 45347K [0x00000000c0000000, 0x00000000d5560000, 0x00000000eaab0000)
  object space 349568K, 12% used [0x00000000c0000000,0x00000000c2c48d58,0x00000000d5560000)
 PSPermGen       total 112832K, used 74493K [0x00000000b0000000, 0x00000000b6e30000, 0x00000000c0000000)
  object space 112832K, 66% used [0x00000000b0000000,0x00000000b48bf7d0,0x00000000b6e30000)
Event: 113.242 GC heap after
Heap after GC invocations=31 (full 11):
 PSYoungGen      total 288384K, used 0K [0x00000000eaab0000, 0x00000000ff490000, 0x0000000100000000)
  eden space 244352K, 0% used [0x00000000eaab0000,0x00000000eaab0000,0x00000000f9950000)
  from space 44032K, 0% used [0x00000000fc990000,0x00000000fc990000,0x00000000ff490000)
  to   space 46720K, 0% used [0x00000000f9950000,0x00000000f9950000,0x00000000fc6f0000)
 ParOldGen       total 349568K, used 53598K [0x00000000c0000000, 0x00000000d5560000, 0x00000000eaab0000)
  object space 349568K, 15% used [0x00000000c0000000,0x00000000c3457ae8,0x00000000d5560000)
 PSPermGen       total 107584K, used 74493K [0x00000000b0000000, 0x00000000b6910000, 0x00000000c0000000)
  object space 107584K, 69% used [0x00000000b0000000,0x00000000b48bf7d0,0x00000000b6910000)
}
Event: 113.609 GC heap before
{Heap before GC invocations=32 (full 11):
 PSYoungGen      total 288384K, used 57918K [0x00000000eaab0000, 0x00000000ff490000, 0x0000000100000000)
  eden space 244352K, 23% used [0x00000000eaab0000,0x00000000ee33f880,0x00000000f9950000)
  from space 44032K, 0% used [0x00000000fc990000,0x00000000fc990000,0x00000000ff490000)
  to   space 46720K, 0% used [0x00000000f9950000,0x00000000f9950000,0x00000000fc6f0000)
 ParOldGen       total 349568K, used 53598K [0x00000000c0000000, 0x00000000d5560000, 0x00000000eaab0000)
  object space 349568K, 15% used [0x00000000c0000000,0x00000000c3457ae8,0x00000000d5560000)
 PSPermGen       total 107584K, used 74494K [0x00000000b0000000, 0x00000000b6910000, 0x00000000c0000000)
  object space 107584K, 69% used [0x00000000b0000000,0x00000000b48bf960,0x00000000b6910000)
Event: 113.616 GC heap after
Heap after GC invocations=32 (full 11):
 PSYoungGen      total 250304K, used 5949K [0x00000000eaab0000, 0x00000000ff350000, 0x0000000100000000)
  eden space 244352K, 0% used [0x00000000eaab0000,0x00000000eaab0000,0x00000000f9950000)
  from space 5952K, 99% used [0x00000000f9950000,0x00000000f9f1f400,0x00000000f9f20000)
  to   space 46080K, 0% used [0x00000000fc650000,0x00000000fc650000,0x00000000ff350000)
 ParOldGen       total 349568K, used 53598K [0x00000000c0000000, 0x00000000d5560000, 0x00000000eaab0000)
  object space 349568K, 15% used [0x00000000c0000000,0x00000000c3457ae8,0x00000000d5560000)
 PSPermGen       total 107584K, used 74494K [0x00000000b0000000, 0x00000000b6910000, 0x00000000c0000000)
  object space 107584K, 69% used [0x00000000b0000000,0x00000000b48bf960,0x00000000b6910000)
}
Event: 113.616 GC heap before
{Heap before GC invocations=33 (full 12):
 PSYoungGen      total 250304K, used 5949K [0x00000000eaab0000, 0x00000000ff350000, 0x0000000100000000)
  eden space 244352K, 0% used [0x00000000eaab0000,0x00000000eaab0000,0x00000000f9950000)
  from space 5952K, 99% used [0x00000000f9950000,0x00000000f9f1f400,0x00000000f9f20000)
  to   space 46080K, 0% used [0x00000000fc650000,0x00000000fc650000,0x00000000ff350000)
 ParOldGen       total 349568K, used 53598K [0x00000000c0000000, 0x00000000d5560000, 0x00000000eaab0000)
  object space 349568K, 15% used [0x00000000c0000000,0x00000000c3457ae8,0x00000000d5560000)
 PSPermGen       total 107584K, used 74494K [0x00000000b0000000, 0x00000000b6910000, 0x00000000c0000000)
  object space 107584K, 69% used [0x00000000b0000000,0x00000000b48bf960,0x00000000b6910000)
Event: 113.841 GC heap after
Heap after GC invocations=33 (full 12):
 PSYoungGen      total 250304K, used 0K [0x00000000eaab0000, 0x00000000ff350000, 0x0000000100000000)
  eden space 244352K, 0% used [0x00000000eaab0000,0x00000000eaab0000,0x00000000f9950000)
  from space 5952K, 0% used [0x00000000f9950000,0x00000000f9950000,0x00000000f9f20000)
  to   space 46080K, 0% used [0x00000000fc650000,0x00000000fc650000,0x00000000ff350000)
 ParOldGen       total 349568K, used 43398K [0x00000000c0000000, 0x00000000d5560000, 0x00000000eaab0000)
  object space 349568K, 12% used [0x00000000c0000000,0x00000000c2a61938,0x00000000d5560000)
 PSPermGen       total 102912K, used 74494K [0x00000000b0000000, 0x00000000b6480000, 0x00000000c0000000)
  object space 102912K, 72% used [0x00000000b0000000,0x00000000b48bf960,0x00000000b6480000)
}
Event: 121.138 GC heap before
{Heap before GC invocations=34 (full 12):
 PSYoungGen      total 250304K, used 55007K [0x00000000eaab0000, 0x00000000ff350000, 0x0000000100000000)
  eden space 244352K, 22% used [0x00000000eaab0000,0x00000000ee067f20,0x00000000f9950000)
  from space 5952K, 0% used [0x00000000f9950000,0x00000000f9950000,0x00000000f9f20000)
  to   space 46080K, 0% used [0x00000000fc650000,0x00000000fc650000,0x00000000ff350000)
 ParOldGen       total 349568K, used 43398K [0x00000000c0000000, 0x00000000d5560000, 0x00000000eaab0000)
  object space 349568K, 12% used [0x00000000c0000000,0x00000000c2a61938,0x00000000d5560000)
 PSPermGen       total 102912K, used 74606K [0x00000000b0000000, 0x00000000b6480000, 0x00000000c0000000)
  object space 102912K, 72% used [0x00000000b0000000,0x00000000b48db878,0x00000000b6480000)
Event: 121.155 GC heap after
Heap after GC invocations=34 (full 12):
 PSYoungGen      total 288896K, used 5111K [0x00000000eaab0000, 0x00000000ff1d0000, 0x0000000100000000)
  eden space 244352K, 0% used [0x00000000eaab0000,0x00000000eaab0000,0x00000000f9950000)
  from space 44544K, 11% used [0x00000000fc650000,0x00000000fcb4dc18,0x00000000ff1d0000)
  to   space 45312K, 0% used [0x00000000f9950000,0x00000000f9950000,0x00000000fc590000)
 ParOldGen       total 349568K, used 43398K [0x00000000c0000000, 0x00000000d5560000, 0x00000000eaab0000)
  object space 349568K, 12% used [0x00000000c0000000,0x00000000c2a61938,0x00000000d5560000)
 PSPermGen       total 102912K, used 74606K [0x00000000b0000000, 0x00000000b6480000, 0x00000000c0000000)
  object space 102912K, 72% used [0x00000000b0000000,0x00000000b48db878,0x00000000b6480000)
}
Event: 121.155 GC heap before
{Heap before GC invocations=35 (full 13):
 PSYoungGen      total 288896K, used 5111K [0x00000000eaab0000, 0x00000000ff1d0000, 0x0000000100000000)
  eden space 244352K, 0% used [0x00000000eaab0000,0x00000000eaab0000,0x00000000f9950000)
  from space 44544K, 11% used [0x00000000fc650000,0x00000000fcb4dc18,0x00000000ff1d0000)
  to   space 45312K, 0% used [0x00000000f9950000,0x00000000f9950000,0x00000000fc590000)
 ParOldGen       total 349568K, used 43398K [0x00000000c0000000, 0x00000000d5560000, 0x00000000eaab0000)
  object space 349568K, 12% used [0x00000000c0000000,0x00000000c2a61938,0x00000000d5560000)
 PSPermGen       total 102912K, used 74606K [0x00000000b0000000, 0x00000000b6480000, 0x00000000c0000000)
  object space 102912K, 72% used [0x00000000b0000000,0x00000000b48db878,0x00000000b6480000)
Event: 121.502 GC heap after
Heap after GC invocations=35 (full 13):
 PSYoungGen      total 288896K, used 0K [0x00000000eaab0000, 0x00000000ff1d0000, 0x0000000100000000)
  eden space 244352K, 0% used [0x00000000eaab0000,0x00000000eaab0000,0x00000000f9950000)
  from space 44544K, 0% used [0x00000000fc650000,0x00000000fc650000,0x00000000ff1d0000)
  to   space 45312K, 0% used [0x00000000f9950000,0x00000000f9950000,0x00000000fc590000)
 ParOldGen       total 349568K, used 42506K [0x00000000c0000000, 0x00000000d5560000, 0x00000000eaab0000)
  object space 349568K, 12% used [0x00000000c0000000,0x00000000c2982bf8,0x00000000d5560000)
 PSPermGen       total 99136K, used 74606K [0x00000000b0000000, 0x00000000b60d0000, 0x00000000c0000000)
  object space 99136K, 75% used [0x00000000b0000000,0x00000000b48db878,0x00000000b60d0000)
}

