# JRE version: 7.0_11-b21
# Java VM: Java HotSpot(TM) 64-Bit Server VM (23.6-b04 mixed mode linux-amd64 compressed oops)
Heap
 PSYoungGen      total 260352K, used 23785K [0x00000000eaab0000, 0x00000000fdad0000, 0x0000000100000000)
  eden space 259840K, 9% used [0x00000000eaab0000,0x00000000ec1ea7a0,0x00000000fa870000)
  from space 512K, 0% used [0x00000000fa870000,0x00000000fa870000,0x00000000fa8f0000)
  to   space 25792K, 0% used [0x00000000fc1a0000,0x00000000fc1a0000,0x00000000fdad0000)
 ParOldGen       total 349568K, used 51990K [0x00000000c0000000, 0x00000000d5560000, 0x00000000eaab0000)
  object space 349568K, 14% used [0x00000000c0000000,0x00000000c32c5860,0x00000000d5560000)
 PSPermGen       total 101184K, used 101019K [0x00000000b0000000, 0x00000000b62d0000, 0x00000000c0000000)
  object space 101184K, 99% used [0x00000000b0000000,0x00000000b62a6d90,0x00000000b62d0000)
GC Heap History (10 events):
Event: 933.176 GC heap before
{Heap before GC invocations=65 (full 26):
 PSYoungGen      total 260288K, used 448K [0x00000000eaab0000, 0x00000000fe0f0000, 0x0000000100000000)
  eden space 259840K, 0% used [0x00000000eaab0000,0x00000000eaab0000,0x00000000fa870000)
  from space 448K, 100% used [0x00000000fa870000,0x00000000fa8e0000,0x00000000fa8e0000)
  to   space 28928K, 0% used [0x00000000fc4b0000,0x00000000fc4b0000,0x00000000fe0f0000)
 ParOldGen       total 349568K, used 62885K [0x00000000c0000000, 0x00000000d5560000, 0x00000000eaab0000)
  object space 349568K, 17% used [0x00000000c0000000,0x00000000c3d697f0,0x00000000d5560000)
 PSPermGen       total 101824K, used 96298K [0x00000000b0000000, 0x00000000b6370000, 0x00000000c0000000)
  object space 101824K, 94% used [0x00000000b0000000,0x00000000b5e0aa18,0x00000000b6370000)
Event: 933.368 GC heap after
Heap after GC invocations=65 (full 26):
 PSYoungGen      total 260288K, used 0K [0x00000000eaab0000, 0x00000000fe0f0000, 0x0000000100000000)
  eden space 259840K, 0% used [0x00000000eaab0000,0x00000000eaab0000,0x00000000fa870000)
  from space 448K, 0% used [0x00000000fa870000,0x00000000fa870000,0x00000000fa8e0000)
  to   space 28928K, 0% used [0x00000000fc4b0000,0x00000000fc4b0000,0x00000000fe0f0000)
 ParOldGen       total 349568K, used 60957K [0x00000000c0000000, 0x00000000d5560000, 0x00000000eaab0000)
  object space 349568K, 17% used [0x00000000c0000000,0x00000000c3b87608,0x00000000d5560000)
 PSPermGen       total 100800K, used 96298K [0x00000000b0000000, 0x00000000b6270000, 0x00000000c0000000)
  object space 100800K, 95% used [0x00000000b0000000,0x00000000b5e0a918,0x00000000b6270000)
}
Event: 993.171 GC heap before
{Heap before GC invocations=66 (full 26):
 PSYoungGen      total 260288K, used 4373K [0x00000000eaab0000, 0x00000000fe0f0000, 0x0000000100000000)
  eden space 259840K, 1% used [0x00000000eaab0000,0x00000000eaef5458,0x00000000fa870000)
  from space 448K, 0% used [0x00000000fa870000,0x00000000fa870000,0x00000000fa8e0000)
  to   space 28928K, 0% used [0x00000000fc4b0000,0x00000000fc4b0000,0x00000000fe0f0000)
 ParOldGen       total 349568K, used 60957K [0x00000000c0000000, 0x00000000d5560000, 0x00000000eaab0000)
  object space 349568K, 17% used [0x00000000c0000000,0x00000000c3b87608,0x00000000d5560000)
 PSPermGen       total 100800K, used 96299K [0x00000000b0000000, 0x00000000b6270000, 0x00000000c0000000)
  object space 100800K, 95% used [0x00000000b0000000,0x00000000b5e0ae50,0x00000000b6270000)
Event: 993.179 GC heap after
Heap after GC invocations=66 (full 26):
 PSYoungGen      total 285696K, used 32K [0x00000000eaab0000, 0x00000000fddf0000, 0x0000000100000000)
  eden space 259840K, 0% used [0x00000000eaab0000,0x00000000eaab0000,0x00000000fa870000)
  from space 25856K, 0% used [0x00000000fc4b0000,0x00000000fc4b8000,0x00000000fddf0000)
  to   space 27392K, 0% used [0x00000000fa870000,0x00000000fa870000,0x00000000fc330000)
 ParOldGen       total 349568K, used 60957K [0x00000000c0000000, 0x00000000d5560000, 0x00000000eaab0000)
  object space 349568K, 17% used [0x00000000c0000000,0x00000000c3b87608,0x00000000d5560000)
 PSPermGen       total 100800K, used 96299K [0x00000000b0000000, 0x00000000b6270000, 0x00000000c0000000)
  object space 100800K, 95% used [0x00000000b0000000,0x00000000b5e0ae50,0x00000000b6270000)
}
Event: 993.179 GC heap before
{Heap before GC invocations=67 (full 27):
 PSYoungGen      total 285696K, used 32K [0x00000000eaab0000, 0x00000000fddf0000, 0x0000000100000000)
  eden space 259840K, 0% used [0x00000000eaab0000,0x00000000eaab0000,0x00000000fa870000)
  from space 25856K, 0% used [0x00000000fc4b0000,0x00000000fc4b8000,0x00000000fddf0000)
  to   space 27392K, 0% used [0x00000000fa870000,0x00000000fa870000,0x00000000fc330000)
 ParOldGen       total 349568K, used 60957K [0x00000000c0000000, 0x00000000d5560000, 0x00000000eaab0000)
  object space 349568K, 17% used [0x00000000c0000000,0x00000000c3b87608,0x00000000d5560000)
 PSPermGen       total 100800K, used 96299K [0x00000000b0000000, 0x00000000b6270000, 0x00000000c0000000)
  object space 100800K, 95% used [0x00000000b0000000,0x00000000b5e0ae50,0x00000000b6270000)
Event: 993.427 GC heap after
Heap after GC invocations=67 (full 27):
 PSYoungGen      total 285696K, used 0K [0x00000000eaab0000, 0x00000000fddf0000, 0x0000000100000000)
  eden space 259840K, 0% used [0x00000000eaab0000,0x00000000eaab0000,0x00000000fa870000)
  from space 25856K, 0% used [0x00000000fc4b0000,0x00000000fc4b0000,0x00000000fddf0000)
  to   space 27392K, 0% used [0x00000000fa870000,0x00000000fa870000,0x00000000fc330000)
 ParOldGen       total 349568K, used 52602K [0x00000000c0000000, 0x00000000d5560000, 0x00000000eaab0000)
  object space 349568K, 15% used [0x00000000c0000000,0x00000000c335e958,0x00000000d5560000)
 PSPermGen       total 100096K, used 96256K [0x00000000b0000000, 0x00000000b61c0000, 0x00000000c0000000)
  object space 100096K, 96% used [0x00000000b0000000,0x00000000b5e00368,0x00000000b61c0000)
}
Event: 1053.170 GC heap before
{Heap before GC invocations=68 (full 27):
 PSYoungGen      total 285696K, used 4270K [0x00000000eaab0000, 0x00000000fddf0000, 0x0000000100000000)
  eden space 259840K, 1% used [0x00000000eaab0000,0x00000000eaedb9a0,0x00000000fa870000)
  from space 25856K, 0% used [0x00000000fc4b0000,0x00000000fc4b0000,0x00000000fddf0000)
  to   space 27392K, 0% used [0x00000000fa870000,0x00000000fa870000,0x00000000fc330000)
 ParOldGen       total 349568K, used 52602K [0x00000000c0000000, 0x00000000d5560000, 0x00000000eaab0000)
  object space 349568K, 15% used [0x00000000c0000000,0x00000000c335e958,0x00000000d5560000)
 PSPermGen       total 100096K, used 96855K [0x00000000b0000000, 0x00000000b61c0000, 0x00000000c0000000)
  object space 100096K, 96% used [0x00000000b0000000,0x00000000b5e95dd0,0x00000000b61c0000)
Event: 1053.178 GC heap after
Heap after GC invocations=68 (full 27):
 PSYoungGen      total 260352K, used 512K [0x00000000eaab0000, 0x00000000fdad0000, 0x0000000100000000)
  eden space 259840K, 0% used [0x00000000eaab0000,0x00000000eaab0000,0x00000000fa870000)
  from space 512K, 100% used [0x00000000fa870000,0x00000000fa8f0000,0x00000000fa8f0000)
  to   space 25792K, 0% used [0x00000000fc1a0000,0x00000000fc1a0000,0x00000000fdad0000)
 ParOldGen       total 349568K, used 52602K [0x00000000c0000000, 0x00000000d5560000, 0x00000000eaab0000)
  object space 349568K, 15% used [0x00000000c0000000,0x00000000c335e958,0x00000000d5560000)
 PSPermGen       total 100096K, used 96855K [0x00000000b0000000, 0x00000000b61c0000, 0x00000000c0000000)
  object space 100096K, 96% used [0x00000000b0000000,0x00000000b5e95dd0,0x00000000b61c0000)
}
Event: 1053.178 GC heap before
{Heap before GC invocations=69 (full 28):
 PSYoungGen      total 260352K, used 512K [0x00000000eaab0000, 0x00000000fdad0000, 0x0000000100000000)
  eden space 259840K, 0% used [0x00000000eaab0000,0x00000000eaab0000,0x00000000fa870000)
  from space 512K, 100% used [0x00000000fa870000,0x00000000fa8f0000,0x00000000fa8f0000)
  to   space 25792K, 0% used [0x00000000fc1a0000,0x00000000fc1a0000,0x00000000fdad0000)
 ParOldGen       total 349568K, used 52602K [0x00000000c0000000, 0x00000000d5560000, 0x00000000eaab0000)
  object space 349568K, 15% used [0x00000000c0000000,0x00000000c335e958,0x00000000d5560000)
 PSPermGen       total 100096K, used 96855K [0x00000000b0000000, 0x00000000b61c0000, 0x00000000c0000000)
  object space 100096K, 96% used [0x00000000b0000000,0x00000000b5e95dd0,0x00000000b61c0000)
Event: 1053.375 GC heap after
Heap after GC invocations=69 (full 28):
 PSYoungGen      total 260352K, used 0K [0x00000000eaab0000, 0x00000000fdad0000, 0x0000000100000000)
  eden space 259840K, 0% used [0x00000000eaab0000,0x00000000eaab0000,0x00000000fa870000)
  from space 512K, 0% used [0x00000000fa870000,0x00000000fa870000,0x00000000fa8f0000)
  to   space 25792K, 0% used [0x00000000fc1a0000,0x00000000fc1a0000,0x00000000fdad0000)
 ParOldGen       total 349568K, used 51990K [0x00000000c0000000, 0x00000000d5560000, 0x00000000eaab0000)
  object space 349568K, 14% used [0x00000000c0000000,0x00000000c32c5860,0x00000000d5560000)
 PSPermGen       total 100032K, used 96855K [0x00000000b0000000, 0x00000000b61b0000, 0x00000000c0000000)
  object space 100032K, 96% used [0x00000000b0000000,0x00000000b5e95d08,0x00000000b61b0000)
}

